0 info it worked if it ends with ok
1 verbose cli [ 'node', '/usr/local/bin/npm', 'install' ]
2 info using npm@1.4.28
3 info using node@v0.10.32
4 verbose readDependencies using package.json deps
5 verbose install where, deps [ '/Users/adriancarolli/workspace/adriancarolli',
5 verbose install   [ 'bower',
5 verbose install     'connect-livereload',
5 verbose install     'grunt',
5 verbose install     'grunt-autoprefixer',
5 verbose install     'grunt-bower',
5 verbose install     'grunt-contrib-clean',
5 verbose install     'grunt-contrib-concat',
5 verbose install     'grunt-contrib-connect',
5 verbose install     'grunt-contrib-cssmin',
5 verbose install     'grunt-contrib-jshint',
5 verbose install     'grunt-contrib-sass',
5 verbose install     'grunt-contrib-uglify',
5 verbose install     'grunt-contrib-watch',
5 verbose install     'grunt-open',
5 verbose install     'matchdep' ] ]
6 info preinstall fireshell@1.1.0
7 verbose readDependencies using package.json deps
8 verbose already installed skipping bower@~1.2.6 /Users/adriancarolli/workspace/adriancarolli
9 verbose already installed skipping connect-livereload@~0.2.0 /Users/adriancarolli/workspace/adriancarolli
10 verbose already installed skipping grunt@~0.4.1 /Users/adriancarolli/workspace/adriancarolli
11 verbose already installed skipping grunt-autoprefixer@~0.3.0 /Users/adriancarolli/workspace/adriancarolli
12 verbose already installed skipping grunt-bower@~0.7.0 /Users/adriancarolli/workspace/adriancarolli
13 verbose already installed skipping grunt-contrib-clean@~0.5.0 /Users/adriancarolli/workspace/adriancarolli
14 verbose already installed skipping grunt-contrib-concat@~0.3.0 /Users/adriancarolli/workspace/adriancarolli
15 verbose already installed skipping grunt-contrib-connect@~0.3.0 /Users/adriancarolli/workspace/adriancarolli
16 verbose already installed skipping grunt-contrib-cssmin@~0.6.2 /Users/adriancarolli/workspace/adriancarolli
17 verbose already installed skipping grunt-contrib-jshint@~0.4.3 /Users/adriancarolli/workspace/adriancarolli
18 verbose already installed skipping grunt-contrib-sass@^0.8.1 /Users/adriancarolli/workspace/adriancarolli
19 verbose already installed skipping grunt-contrib-uglify@~0.2.0 /Users/adriancarolli/workspace/adriancarolli
20 verbose already installed skipping grunt-contrib-watch@~0.4.4 /Users/adriancarolli/workspace/adriancarolli
21 verbose already installed skipping grunt-open@~0.2.0 /Users/adriancarolli/workspace/adriancarolli
22 verbose already installed skipping matchdep@~0.1.2 /Users/adriancarolli/workspace/adriancarolli
23 silly resolved []
24 info build /Users/adriancarolli/workspace/adriancarolli
25 verbose linkStuff [ false, false, false, '/Users/adriancarolli/workspace' ]
26 info linkStuff fireshell@1.1.0
27 verbose linkBins fireshell@1.1.0
28 verbose linkMans fireshell@1.1.0
29 verbose rebuildBundles fireshell@1.1.0
30 verbose rebuildBundles [ '.bin',
30 verbose rebuildBundles   'bower',
30 verbose rebuildBundles   'connect-livereload',
30 verbose rebuildBundles   'grunt',
30 verbose rebuildBundles   'grunt-autoprefixer',
30 verbose rebuildBundles   'grunt-bower',
30 verbose rebuildBundles   'grunt-contrib-clean',
30 verbose rebuildBundles   'grunt-contrib-concat',
30 verbose rebuildBundles   'grunt-contrib-connect',
30 verbose rebuildBundles   'grunt-contrib-cssmin',
30 verbose rebuildBundles   'grunt-contrib-jshint',
30 verbose rebuildBundles   'grunt-contrib-sass',
30 verbose rebuildBundles   'grunt-contrib-uglify',
30 verbose rebuildBundles   'grunt-contrib-watch',
30 verbose rebuildBundles   'grunt-open',
30 verbose rebuildBundles   'matchdep' ]
31 info install fireshell@1.1.0
32 info postinstall fireshell@1.1.0
33 verbose unsafe-perm in lifecycle true
34 info fireshell@1.1.0 Failed to exec postinstall script
35 error fireshell@1.1.0 postinstall: `bower install`
35 error Exit status 1
36 error Failed at the fireshell@1.1.0 postinstall script.
36 error This is most likely a problem with the fireshell package,
36 error not with npm itself.
36 error Tell the author that this fails on your system:
36 error     bower install
36 error You can get their info via:
36 error     npm owner ls fireshell
36 error There is likely additional logging output above.
37 error System Darwin 14.0.0
38 error command "node" "/usr/local/bin/npm" "install"
39 error cwd /Users/adriancarolli/workspace/adriancarolli
40 error node -v v0.10.32
41 error npm -v 1.4.28
42 error code ELIFECYCLE
43 verbose exit [ 1, true ]
